\BOOKMARK [1][-]{section.1}{Introduction}{}% 1
\BOOKMARK [2][-]{subsection.1.1}{Purpose}{section.1}% 2
\BOOKMARK [3][-]{subsubsection.1.1.1}{Goals}{subsection.1.1}% 3
\BOOKMARK [3][-]{subsubsection.1.1.2}{Traceability Matrix}{subsection.1.1}% 4
\BOOKMARK [2][-]{subsection.1.2}{Scope}{section.1}% 5
\BOOKMARK [3][-]{subsubsection.1.2.1}{The world-machine phenomena}{subsection.1.2}% 6
\BOOKMARK [2][-]{subsection.1.3}{Definition and Acronyms}{section.1}% 7
\BOOKMARK [3][-]{subsubsection.1.3.1}{Definitions}{subsection.1.3}% 8
\BOOKMARK [3][-]{subsubsection.1.3.2}{Acronyms}{subsection.1.3}% 9
\BOOKMARK [2][-]{subsection.1.4}{Revision}{section.1}% 10
\BOOKMARK [2][-]{subsection.1.5}{Actors}{section.1}% 11
\BOOKMARK [2][-]{subsection.1.6}{References}{section.1}% 12
\BOOKMARK [2][-]{subsection.1.7}{Document Structure}{section.1}% 13
\BOOKMARK [1][-]{section.2}{Overall description}{}% 14
\BOOKMARK [2][-]{subsection.2.1}{Product perspective}{section.2}% 15
\BOOKMARK [2][-]{subsection.2.2}{Product functionalities}{section.2}% 16
<<<<<<< Updated upstream
\BOOKMARK [3][-]{subsubsection.2.2.1}{Notification of Violations}{subsection.2.2}% 17
\BOOKMARK [3][-]{subsubsection.2.2.2}{Data Mining}{subsection.2.2}% 18
\BOOKMARK [3][-]{subsubsection.2.2.3}{Request for interventions}{subsection.2.2}% 19
\BOOKMARK [3][-]{subsubsection.2.2.4}{Automatic Tickets}{subsection.2.2}% 20
\BOOKMARK [2][-]{subsection.2.3}{User characteristics}{section.2}% 21
\BOOKMARK [2][-]{subsection.2.4}{Assumptions and dependencies}{section.2}% 22
\BOOKMARK [3][-]{subsubsection.2.4.1}{Domain Assumptions}{subsection.2.4}% 23
\BOOKMARK [3][-]{subsubsection.2.4.2}{General Assumptions}{subsection.2.4}% 24
\BOOKMARK [3][-]{subsubsection.2.4.3}{Constraints}{subsection.2.4}% 25
\BOOKMARK [1][-]{section.3}{Specific requirements}{}% 26
\BOOKMARK [2][-]{subsection.3.1}{External Interface Requirements}{section.3}% 27
\BOOKMARK [3][-]{subsubsection.3.1.1}{User Interfaces}{subsection.3.1}% 28
\BOOKMARK [3][-]{subsubsection.3.1.2}{Software Interfaces}{subsection.3.1}% 29
\BOOKMARK [2][-]{subsection.3.2}{Non functional requirements}{section.3}% 30
\BOOKMARK [3][-]{subsubsection.3.2.1}{Performance}{subsection.3.2}% 31
\BOOKMARK [3][-]{subsubsection.3.2.2}{Reliability}{subsection.3.2}% 32
\BOOKMARK [3][-]{subsubsection.3.2.3}{Security}{subsection.3.2}% 33
\BOOKMARK [3][-]{subsubsection.3.2.4}{Scalability}{subsection.3.2}% 34
\BOOKMARK [3][-]{subsubsection.3.2.5}{Accuracy}{subsection.3.2}% 35
\BOOKMARK [2][-]{subsection.3.3}{Scenarios}{section.3}% 36
\BOOKMARK [3][-]{subsubsection.3.3.1}{First scenario}{subsection.3.3}% 37
\BOOKMARK [3][-]{subsubsection.3.3.2}{Second scenario}{subsection.3.3}% 38
\BOOKMARK [3][-]{subsubsection.3.3.3}{Third scenario}{subsection.3.3}% 39
\BOOKMARK [2][-]{subsection.3.4}{Use Cases}{section.3}% 40
\BOOKMARK [3][-]{subsubsection.3.4.1}{User Page use cases}{subsection.3.4}% 41
\BOOKMARK [3][-]{subsubsection.3.4.2}{Sign up}{subsection.3.4}% 42
\BOOKMARK [3][-]{subsubsection.3.4.3}{Login}{subsection.3.4}% 43
\BOOKMARK [3][-]{subsubsection.3.4.4}{Password Recovery}{subsection.3.4}% 44
=======
\BOOKMARK [3][-]{subsubsection.2.2.1}{}{subsection.2.2}% 17
\BOOKMARK [3][-]{subsubsection.2.2.2}{}{subsection.2.2}% 18
\BOOKMARK [3][-]{subsubsection.2.2.3}{}{subsection.2.2}% 19
\BOOKMARK [3][-]{subsubsection.2.2.4}{}{subsection.2.2}% 20
\BOOKMARK [3][-]{subsubsection.2.2.5}{}{subsection.2.2}% 21
\BOOKMARK [2][-]{subsection.2.3}{User characteristics}{section.2}% 22
\BOOKMARK [2][-]{subsection.2.4}{Assumptions and dependencies}{section.2}% 23
\BOOKMARK [3][-]{subsubsection.2.4.1}{Domain Assumptions}{subsection.2.4}% 24
\BOOKMARK [3][-]{subsubsection.2.4.2}{General Assumptions}{subsection.2.4}% 25
\BOOKMARK [3][-]{subsubsection.2.4.3}{Constraints}{subsection.2.4}% 26
\BOOKMARK [1][-]{section.3}{Specific requirements}{}% 27
\BOOKMARK [2][-]{subsection.3.1}{External Interface Requirements}{section.3}% 28
\BOOKMARK [3][-]{subsubsection.3.1.1}{User Interfaces}{subsection.3.1}% 29
\BOOKMARK [3][-]{subsubsection.3.1.2}{Software Interfaces}{subsection.3.1}% 30
\BOOKMARK [2][-]{subsection.3.2}{Non functional requirements}{section.3}% 31
\BOOKMARK [3][-]{subsubsection.3.2.1}{Performance}{subsection.3.2}% 32
\BOOKMARK [3][-]{subsubsection.3.2.2}{Reliability}{subsection.3.2}% 33
\BOOKMARK [3][-]{subsubsection.3.2.3}{Security}{subsection.3.2}% 34
\BOOKMARK [3][-]{subsubsection.3.2.4}{Scalability}{subsection.3.2}% 35
\BOOKMARK [3][-]{subsubsection.3.2.5}{Accuracy}{subsection.3.2}% 36
\BOOKMARK [2][-]{subsection.3.3}{Scenarios}{section.3}% 37
\BOOKMARK [3][-]{subsubsection.3.3.1}{First scenario}{subsection.3.3}% 38
\BOOKMARK [3][-]{subsubsection.3.3.2}{Second scenario}{subsection.3.3}% 39
\BOOKMARK [3][-]{subsubsection.3.3.3}{Third scenario}{subsection.3.3}% 40
>>>>>>> Stashed changes
